<?xml version="1.0" encoding="UTF-8"?>
<!-- Generated by org.testng.reporters.JUnitReportReporter -->
<testsuite skipped="0" hostname="LAPTOP-5PURE35O" name="com.Test.ResultSorryTest" tests="1" failures="0" timestamp="25 Dec 2022 19:09:15 GMT" time="6.475" errors="0">
  <testcase name="verifyResultSorry" time="6.475" classname="com.Test.ResultSorryTest"/>
</testsuite> <!-- com.Test.ResultSorryTest -->
