<?xml version="1.0" encoding="UTF-8"?>
<!-- Generated by org.testng.reporters.JUnitReportReporter -->
<testsuite skipped="0" hostname="LAPTOP-5PURE35O" name="com.Test.CShareFacebookTest" tests="2" failures="0" timestamp="25 Dec 2022 10:14:40 GMT" time="118.073" errors="0">
  <testcase name="openBrowser" time="61.706" classname="com.Test.CShareFacebookTest"/>
  <testcase name="shareCerticateToFacebook" time="56.367" classname="com.Test.CShareFacebookTest"/>
</testsuite> <!-- com.Test.CShareFacebookTest -->
