<?xml version="1.0" encoding="UTF-8"?>
<!-- Generated by org.testng.reporters.JUnitReportReporter -->
<testsuite skipped="0" hostname="LAPTOP-5PURE35O" name="com.Test.TestAttemptFuncTest" tests="1" failures="0" timestamp="25 Dec 2022 19:09:15 GMT" time="8.026" errors="0">
  <testcase name="verifyTestAttemptFunction" time="8.026" classname="com.Test.TestAttemptFuncTest"/>
</testsuite> <!-- com.Test.TestAttemptFuncTest -->
