<?xml version="1.0" encoding="UTF-8"?>
<!-- Generated by org.testng.reporters.JUnitReportReporter -->
<testsuite skipped="0" hostname="LAPTOP-5PURE35O" name="com.Test.UpdateNameFunctionTest" tests="1" failures="0" timestamp="25 Dec 2022 19:29:02 GMT" time="27.526" errors="0">
  <testcase name="verifyUpdateNameFunctinality" time="27.526" classname="com.Test.UpdateNameFunctionTest"/>
</testsuite> <!-- com.Test.UpdateNameFunctionTest -->
