<?xml version="1.0" encoding="UTF-8"?>
<!-- Generated by org.testng.reporters.JUnitReportReporter -->
<testsuite skipped="0" hostname="LAPTOP-5PURE35O" name="com.Test.Select25QuesTest" tests="1" failures="0" timestamp="25 Dec 2022 19:09:15 GMT" time="8.222" errors="0">
  <testcase name="verifySelect25Ques" time="8.222" classname="com.Test.Select25QuesTest"/>
</testsuite> <!-- com.Test.Select25QuesTest -->
