<?xml version="1.0" encoding="UTF-8"?>
<!-- Generated by org.testng.reporters.JUnitReportReporter -->
<testsuite skipped="0" hostname="LAPTOP-5PURE35O" name="com.Test.Select20QuesTest" tests="1" failures="0" timestamp="25 Dec 2022 19:09:15 GMT" time="16.986" errors="0">
  <testcase name="verifySelect20Ques" time="16.986" classname="com.Test.Select20QuesTest"/>
</testsuite> <!-- com.Test.Select20QuesTest -->
