<?xml version="1.0" encoding="UTF-8"?>
<!-- Generated by org.testng.reporters.JUnitReportReporter -->
<testsuite skipped="0" hostname="LAPTOP-5PURE35O" name="com.Test.LogoutFunctionTest" tests="1" failures="0" timestamp="25 Dec 2022 19:09:15 GMT" time="17.264" errors="0">
  <testcase name="verifyLogoutFunction" time="17.264" classname="com.Test.LogoutFunctionTest"/>
</testsuite> <!-- com.Test.LogoutFunctionTest -->
